0 silly input [ 'bundlesize' ]
1 silly flags { _: [ 'exec' ], concurrency: 1, command: 'bundlesize', args: [] }
2 verbose rootPath /Users/luca/projects/Material
3 info version 2.0.0
4 silly existsSync /Users/luca/projects/Material/VERSION
5 silly initialize attempt
6 silly initialize success
7 silly execute attempt
8 error exec Errored while executing 'bundlesize' in '@slup/common'
9 error execute Error: Command failed: bundlesize
9 error execute     at Promise.all.then.arr (/Users/luca/.config/yarn/global/node_modules/lerna/node_modules/execa/index.js:210:11)
9 error execute     at process._tickCallback (internal/process/next_tick.js:109:7)
9 error execute  callback with error
9 error execute  { Error: Command failed: bundlesize
9 error execute     at Promise.all.then.arr (/Users/luca/.config/yarn/global/node_modules/lerna/node_modules/execa/index.js:210:11)
9 error execute     at process._tickCallback (internal/process/next_tick.js:109:7)
9 error execute   stack: 'Error: Command failed: bundlesize\n    at Promise.all.then.arr (/Users/luca/.config/yarn/global/node_modules/lerna/node_modules/execa/index.js:210:11)\n    at process._tickCallback (internal/process/next_tick.js:109:7)',
9 error execute   code: 1,
9 error execute   killed: false,
9 error execute   stdout: null,
9 error execute   stderr: null,
9 error execute   failed: true,
9 error execute   signal: null,
9 error execute   cmd: 'bundlesize',
9 error execute   timedOut: false }
